Running Gradle task 'assembleRelease'...                        
.\flutter\bin\flutter.
bat : lib/screens/end_
game/end_game_screen.d
art:545:53: Error: 
String starting with 
' must end with '.
At line:1 char:64
+ ... udio2\jbr"; .\fl
utter\bin\flutter.bat 
build apk --release 
2>&1 | Out- ...
+                 ~~~~
~~~~~~~~~~~~~~~~~~~~~~
~~~~~~~~~~~~~~~~~~~~~~
~~
    + CategoryInfo    
          : NotSpeci  
  fied: (lib/screen   
 s/end...ust end w    
ith '.:String) []    
, RemoteException
    + FullyQualifiedE 
   rrorId : NativeCo  
  mmandError
 
                      
    _buildHeaderStat('
Score', '\', Icons.sta
r_border_rounded),
                      
                      
        ^^^^^^^^^^^^^^
^^^^^^^^^^^^^^^^^^
lib/screens/end_game/e
nd_game_screen.dart:54
5:43: Error: Can't 
find ')' to match '('.
                      
    _buildHeaderStat('
Score', '\', Icons.sta
r_border_rounded),
                      
                    ^
lib/screens/end_game/e
nd_game_screen.dart:84
7:8: Error: 
'_handleDrop' is 
already declared in 
this scope.
  void _handleDrop(Gam
eItemDef item, Offset 
localPos, Size 
venueSize) {
       ^^^^^^^^^^^
lib/screens/end_game/e
nd_game_screen.dart:61
:8: Context: Previous 
declaration of 
'_handleDrop'.
  void _handleDrop(Gam
eItemDef item, Offset 
localPosition, Size 
venueSize) {
       ^^^^^^^^^^^
lib/screens/end_game/e
nd_game_screen.dart:86
4:8: Error: '_updateOb
jectPosition' is 
already declared in 
this scope.
  void _updateObjectPo
sition(PlacedObject 
obj, Offset localPos, 
Size venueSize) {
       
^^^^^^^^^^^^^^^^^^^^^
lib/screens/end_game/e
nd_game_screen.dart:82
:8: Context: Previous 
declaration of '_updat
eObjectPosition'.
  void _updateObjectPo
sition(PlacedObject 
object, Offset 
localPosition, Size 
venueSize) {
       
^^^^^^^^^^^^^^^^^^^^^
lib/screens/end_game/e
nd_game_screen.dart:87
7:8: Error: 
'_removeObject' is 
already declared in 
this scope.
  void 
_removeObject(String 
uniqueId) {
       ^^^^^^^^^^^^^
lib/screens/end_game/e
nd_game_screen.dart:92
:8: Context: Previous 
declaration of 
'_removeObject'.
  void 
_removeObject(String 
objectId) {
       ^^^^^^^^^^^^^
lib/screens/end_game/e
nd_game_screen.dart:54
5:43: Error: Too few 
positional arguments: 
3 required, 2 given.
                      
    _buildHeaderStat('
Score', '\', Icons.sta
r_border_rounded),
                      
                    ^
Target kernel_snapshot
_program failed: 
Exception


FAILURE: Build failed 
with an exception.

* What went wrong:
Execution failed for 
task ':app:compileFlut
terBuildRelease'.
> Process 'command 'D:
\Projects\entre-nous\f
lutter\bin\flutter.bat
'' finished with 
non-zero exit value 1

* Try:
> Run with 
--stacktrace option 
to get the stack 
trace.
> Run with --info or 
--debug option to get 
more log output.
> Run with --scan to 
get full insights.
> Get more help at htt
ps://help.gradle.org.

BUILD FAILED in 20s
Running Gradle task 'assembleRelease'...                           21.1s
Gradle task 
assembleRelease 
failed with exit code 
1
